# JRE version: OpenJDK Runtime Environment (11.0.8+10) (build 11.0.8+10-b944.6916264)
# Java VM: OpenJDK 64-Bit Server VM (11.0.8+10-b944.6916264, mixed mode, tiered, compressed oops, g1 gc, bsd-amd64)
Heap:
 garbage-first heap   total 268288K, used 205535K [0x00000007e0000000, 0x0000000800000000)
  region size 1024K, 45 young (46080K), 5 survivors (5120K)
 Metaspace       used 95087K, capacity 99141K, committed 99456K, reserved 339968K
  class space    used 12251K, capacity 13834K, committed 13952K, reserved 253952K
GC Heap History (20 events):
Event: 40.787 GC heap before
{Heap before GC invocations=27 (full 0):
 garbage-first heap   total 262144K, used 219976K [0x00000007e0000000, 0x0000000800000000)
  region size 1024K, 86 young (88064K), 8 survivors (8192K)
 Metaspace       used 81724K, capacity 85150K, committed 85504K, reserved 327680K
  class space    used 10612K, capacity 11936K, committed 12032K, reserved 253952K
}
Event: 40.806 GC heap after
{Heap after GC invocations=28 (full 0):
 garbage-first heap   total 262144K, used 142528K [0x00000007e0000000, 0x0000000800000000)
  region size 1024K, 7 young (7168K), 7 survivors (7168K)
 Metaspace       used 81724K, capacity 85150K, committed 85504K, reserved 327680K
  class space    used 10612K, capacity 11936K, committed 12032K, reserved 253952K
}
Event: 41.377 GC heap before
{Heap before GC invocations=28 (full 0):
 garbage-first heap   total 262144K, used 220352K [0x00000007e0000000, 0x0000000800000000)
  region size 1024K, 83 young (84992K), 7 survivors (7168K)
 Metaspace       used 81724K, capacity 85150K, committed 85504K, reserved 327680K
  class space    used 10612K, capacity 11936K, committed 12032K, reserved 253952K
}
Event: 41.397 GC heap after
{Heap after GC invocations=29 (full 0):
 garbage-first heap   total 262144K, used 145196K [0x00000007e0000000, 0x0000000800000000)
  region size 1024K, 8 young (8192K), 8 survivors (8192K)
 Metaspace       used 81724K, capacity 85150K, committed 85504K, reserved 327680K
  class space    used 10612K, capacity 11936K, committed 12032K, reserved 253952K
}
Event: 41.610 GC heap before
{Heap before GC invocations=30 (full 0):
 garbage-first heap   total 262144K, used 171820K [0x00000007e0000000, 0x0000000800000000)
  region size 1024K, 36 young (36864K), 8 survivors (8192K)
 Metaspace       used 81724K, capacity 85150K, committed 85504K, reserved 327680K
  class space    used 10612K, capacity 11936K, committed 12032K, reserved 253952K
}
Event: 41.629 GC heap after
{Heap after GC invocations=31 (full 0):
 garbage-first heap   total 262144K, used 147537K [0x00000007e0000000, 0x0000000800000000)
  region size 1024K, 8 young (8192K), 8 survivors (8192K)
 Metaspace       used 81724K, capacity 85150K, committed 85504K, reserved 327680K
  class space    used 10612K, capacity 11936K, committed 12032K, reserved 253952K
}
Event: 166.991 GC heap before
{Heap before GC invocations=32 (full 0):
 garbage-first heap   total 262144K, used 156753K [0x00000007e0000000, 0x0000000800000000)
  region size 1024K, 17 young (17408K), 8 survivors (8192K)
 Metaspace       used 81934K, capacity 85406K, committed 85888K, reserved 327680K
  class space    used 10643K, capacity 11976K, committed 12160K, reserved 253952K
}
Event: 167.006 GC heap after
{Heap after GC invocations=33 (full 0):
 garbage-first heap   total 262144K, used 148361K [0x00000007e0000000, 0x0000000800000000)
  region size 1024K, 5 young (5120K), 5 survivors (5120K)
 Metaspace       used 81934K, capacity 85406K, committed 85888K, reserved 327680K
  class space    used 10643K, capacity 11976K, committed 12160K, reserved 253952K
}
Event: 169.604 GC heap before
{Heap before GC invocations=34 (full 0):
 garbage-first heap   total 262144K, used 258953K [0x00000007e0000000, 0x0000000800000000)
  region size 1024K, 79 young (80896K), 5 survivors (5120K)
 Metaspace       used 83128K, capacity 86708K, committed 87040K, reserved 329728K
  class space    used 10812K, capacity 12175K, committed 12288K, reserved 253952K
}
Event: 169.626 GC heap after
{Heap after GC invocations=35 (full 0):
 garbage-first heap   total 268288K, used 150272K [0x00000007e0000000, 0x0000000800000000)
  region size 1024K, 8 young (8192K), 8 survivors (8192K)
 Metaspace       used 83128K, capacity 86708K, committed 87040K, reserved 329728K
  class space    used 10812K, capacity 12175K, committed 12288K, reserved 253952K
}
Event: 171.062 GC heap before
{Heap before GC invocations=35 (full 0):
 garbage-first heap   total 268288K, used 225024K [0x00000007e0000000, 0x0000000800000000)
  region size 1024K, 82 young (83968K), 8 survivors (8192K)
 Metaspace       used 83609K, capacity 87314K, committed 87552K, reserved 329728K
  class space    used 10848K, capacity 12238K, committed 12288K, reserved 253952K
}
Event: 171.095 GC heap after
{Heap after GC invocations=36 (full 0):
 garbage-first heap   total 268288K, used 156663K [0x00000007e0000000, 0x0000000800000000)
  region size 1024K, 11 young (11264K), 11 survivors (11264K)
 Metaspace       used 83609K, capacity 87314K, committed 87552K, reserved 329728K
  class space    used 10848K, capacity 12238K, committed 12288K, reserved 253952K
}
Event: 172.277 GC heap before
{Heap before GC invocations=36 (full 0):
 garbage-first heap   total 268288K, used 225271K [0x00000007e0000000, 0x0000000800000000)
  region size 1024K, 79 young (80896K), 11 survivors (11264K)
 Metaspace       used 83896K, capacity 87562K, committed 87808K, reserved 329728K
  class space    used 10879K, capacity 12287K, committed 12288K, reserved 253952K
}
Event: 172.333 GC heap after
{Heap after GC invocations=37 (full 0):
 garbage-first heap   total 268288K, used 161719K [0x00000007e0000000, 0x0000000800000000)
  region size 1024K, 5 young (5120K), 5 survivors (5120K)
 Metaspace       used 83896K, capacity 87562K, committed 87808K, reserved 329728K
  class space    used 10879K, capacity 12287K, committed 12288K, reserved 253952K
}
Event: 174.078 GC heap before
{Heap before GC invocations=38 (full 0):
 garbage-first heap   total 268288K, used 229303K [0x00000007e0000000, 0x0000000800000000)
  region size 1024K, 69 young (70656K), 5 survivors (5120K)
 Metaspace       used 90083K, capacity 93911K, committed 94208K, reserved 335872K
  class space    used 11575K, capacity 13014K, committed 13056K, reserved 253952K
}
Event: 174.100 GC heap after
{Heap after GC invocations=39 (full 0):
 garbage-first heap   total 268288K, used 169837K [0x00000007e0000000, 0x0000000800000000)
  region size 1024K, 9 young (9216K), 9 survivors (9216K)
 Metaspace       used 90083K, capacity 93911K, committed 94208K, reserved 335872K
  class space    used 11575K, capacity 13014K, committed 13056K, reserved 253952K
}
Event: 174.261 GC heap before
{Heap before GC invocations=39 (full 0):
 garbage-first heap   total 268288K, used 172909K [0x00000007e0000000, 0x0000000800000000)
  region size 1024K, 13 young (13312K), 9 survivors (9216K)
 Metaspace       used 90834K, capacity 94625K, committed 94848K, reserved 335872K
  class space    used 11674K, capacity 13112K, committed 13184K, reserved 253952K
}
Event: 174.290 GC heap after
{Heap after GC invocations=40 (full 0):
 garbage-first heap   total 268288K, used 162593K [0x00000007e0000000, 0x0000000800000000)
  region size 1024K, 2 young (2048K), 2 survivors (2048K)
 Metaspace       used 90834K, capacity 94625K, committed 94848K, reserved 335872K
  class space    used 11674K, capacity 13112K, committed 13184K, reserved 253952K
}
Event: 175.637 GC heap before
{Heap before GC invocations=40 (full 0):
 garbage-first heap   total 268288K, used 224033K [0x00000007e0000000, 0x0000000800000000)
  region size 1024K, 63 young (64512K), 2 survivors (2048K)
 Metaspace       used 94941K, capacity 98997K, committed 99456K, reserved 339968K
  class space    used 12248K, capacity 13832K, committed 13952K, reserved 253952K
}
Event: 175.656 GC heap after
{Heap after GC invocations=41 (full 0):
 garbage-first heap   total 268288K, used 165599K [0x00000007e0000000, 0x0000000800000000)
  region size 1024K, 5 young (5120K), 5 survivors (5120K)
 Metaspace       used 94941K, capacity 98997K, committed 99456K, reserved 339968K
  class space    used 12248K, capacity 13832K, committed 13952K, reserved 253952K
}

