# JRE version: OpenJDK Runtime Environment (8.0_292-b10) (build 1.8.0_292-b10)
# Java VM: OpenJDK 64-Bit Server VM (25.292-b10 mixed mode bsd-amd64 compressed oops)
Heap:
 PSYoungGen      total 76288K, used 7703K [0x00000007e5d80000, 0x00000007ef280000, 0x00000007f0800000)
  eden space 65536K, 0% used [0x00000007e5d80000,0x00000007e5d80000,0x00000007e9d80000)
  from space 10752K, 71% used [0x00000007ea800000,0x00000007eaf85ff0,0x00000007eb280000)
  to   space 10752K, 0% used [0x00000007e9d80000,0x00000007e9d80000,0x00000007ea800000)
 ParOldGen       total 175104K, used 395K [0x00000007d0800000, 0x00000007db300000, 0x00000007e5d80000)
  object space 175104K, 0% used [0x00000007d0800000,0x00000007d0862ed8,0x00000007db300000)
 Metaspace       used 20495K, capacity 21110K, committed 21248K, reserved 1067008K
  class space    used 3021K, capacity 3211K, committed 3328K, reserved 1048576K
GC Heap History (9 events):
Event: 2.653 GC heap before
{Heap before GC invocations=1 (full 0):
 PSYoungGen      total 76288K, used 65536K [0x00000007e5d80000, 0x00000007eb280000, 0x00000007f0800000)
  eden space 65536K, 100% used [0x00000007e5d80000,0x00000007e9d80000,0x00000007e9d80000)
  from space 10752K, 0% used [0x00000007ea800000,0x00000007ea800000,0x00000007eb280000)
  to   space 10752K, 0% used [0x00000007e9d80000,0x00000007e9d80000,0x00000007ea800000)
 ParOldGen       total 175104K, used 0K [0x00000007d0800000, 0x00000007db300000, 0x00000007e5d80000)
  object space 175104K, 0% used [0x00000007d0800000,0x00000007d0800000,0x00000007db300000)
 Metaspace       used 7954K, capacity 8278K, committed 8320K, reserved 1056768K
  class space    used 1035K, capacity 1141K, committed 1152K, reserved 1048576K
Event: 2.664 GC heap after
Heap after GC invocations=1 (full 0):
 PSYoungGen      total 76288K, used 6568K [0x00000007e5d80000, 0x00000007eb280000, 0x00000007f0800000)
  eden space 65536K, 0% used [0x00000007e5d80000,0x00000007e5d80000,0x00000007e9d80000)
  from space 10752K, 61% used [0x00000007e9d80000,0x00000007ea3ea2c8,0x00000007ea800000)
  to   space 10752K, 0% used [0x00000007ea800000,0x00000007ea800000,0x00000007eb280000)
 ParOldGen       total 175104K, used 16K [0x00000007d0800000, 0x00000007db300000, 0x00000007e5d80000)
  object space 175104K, 0% used [0x00000007d0800000,0x00000007d0804000,0x00000007db300000)
 Metaspace       used 7954K, capacity 8278K, committed 8320K, reserved 1056768K
  class space    used 1035K, capacity 1141K, committed 1152K, reserved 1048576K
}
Event: 4.221 GC heap before
{Heap before GC invocations=2 (full 0):
 PSYoungGen      total 76288K, used 72104K [0x00000007e5d80000, 0x00000007eb280000, 0x00000007f0800000)
  eden space 65536K, 100% used [0x00000007e5d80000,0x00000007e9d80000,0x00000007e9d80000)
  from space 10752K, 61% used [0x00000007e9d80000,0x00000007ea3ea2c8,0x00000007ea800000)
  to   space 10752K, 0% used [0x00000007ea800000,0x00000007ea800000,0x00000007eb280000)
 ParOldGen       total 175104K, used 16K [0x00000007d0800000, 0x00000007db300000, 0x00000007e5d80000)
  object space 175104K, 0% used [0x00000007d0800000,0x00000007d0804000,0x00000007db300000)
 Metaspace       used 15248K, capacity 15738K, committed 16000K, reserved 1062912K
  class space    used 2159K, capacity 2317K, committed 2432K, reserved 1048576K
Event: 4.234 GC heap after
Heap after GC invocations=2 (full 0):
 PSYoungGen      total 76288K, used 10059K [0x00000007e5d80000, 0x00000007eb280000, 0x00000007f0800000)
  eden space 65536K, 0% used [0x00000007e5d80000,0x00000007e5d80000,0x00000007e9d80000)
  from space 10752K, 93% used [0x00000007ea800000,0x00000007eb1d2ea8,0x00000007eb280000)
  to   space 10752K, 0% used [0x00000007e9d80000,0x00000007e9d80000,0x00000007ea800000)
 ParOldGen       total 175104K, used 24K [0x00000007d0800000, 0x00000007db300000, 0x00000007e5d80000)
  object space 175104K, 0% used [0x00000007d0800000,0x00000007d0806000,0x00000007db300000)
 Metaspace       used 15248K, capacity 15738K, committed 16000K, reserved 1062912K
  class space    used 2159K, capacity 2317K, committed 2432K, reserved 1048576K
}
Event: 5.306 GC heap before
{Heap before GC invocations=3 (full 0):
 PSYoungGen      total 76288K, used 75595K [0x00000007e5d80000, 0x00000007eb280000, 0x00000007f0800000)
  eden space 65536K, 100% used [0x00000007e5d80000,0x00000007e9d80000,0x00000007e9d80000)
  from space 10752K, 93% used [0x00000007ea800000,0x00000007eb1d2ea8,0x00000007eb280000)
  to   space 10752K, 0% used [0x00000007e9d80000,0x00000007e9d80000,0x00000007ea800000)
 ParOldGen       total 175104K, used 24K [0x00000007d0800000, 0x00000007db300000, 0x00000007e5d80000)
  object space 175104K, 0% used [0x00000007d0800000,0x00000007d0806000,0x00000007db300000)
 Metaspace       used 19742K, capacity 20426K, committed 20608K, reserved 1067008K
  class space    used 2894K, capacity 3073K, committed 3200K, reserved 1048576K
Event: 5.318 GC heap after
Heap after GC invocations=3 (full 0):
 PSYoungGen      total 76288K, used 10730K [0x00000007e5d80000, 0x00000007eb280000, 0x00000007f0800000)
  eden space 65536K, 0% used [0x00000007e5d80000,0x00000007e5d80000,0x00000007e9d80000)
  from space 10752K, 99% used [0x00000007e9d80000,0x00000007ea7faa30,0x00000007ea800000)
  to   space 10752K, 0% used [0x00000007ea800000,0x00000007ea800000,0x00000007eb280000)
 ParOldGen       total 175104K, used 387K [0x00000007d0800000, 0x00000007db300000, 0x00000007e5d80000)
  object space 175104K, 0% used [0x00000007d0800000,0x00000007d0860ed8,0x00000007db300000)
 Metaspace       used 19742K, capacity 20426K, committed 20608K, reserved 1067008K
  class space    used 2894K, capacity 3073K, committed 3200K, reserved 1048576K
}
Event: 5.489 GC heap before
{Heap before GC invocations=4 (full 0):
 PSYoungGen      total 76288K, used 26061K [0x00000007e5d80000, 0x00000007eb280000, 0x00000007f0800000)
  eden space 65536K, 23% used [0x00000007e5d80000,0x00000007e6c78b48,0x00000007e9d80000)
  from space 10752K, 99% used [0x00000007e9d80000,0x00000007ea7faa30,0x00000007ea800000)
  to   space 10752K, 0% used [0x00000007ea800000,0x00000007ea800000,0x00000007eb280000)
 ParOldGen       total 175104K, used 387K [0x00000007d0800000, 0x00000007db300000, 0x00000007e5d80000)
  object space 175104K, 0% used [0x00000007d0800000,0x00000007d0860ed8,0x00000007db300000)
 Metaspace       used 20495K, capacity 21110K, committed 21248K, reserved 1067008K
  class space    used 3021K, capacity 3211K, committed 3328K, reserved 1048576K
Event: 5.497 GC heap after
Heap after GC invocations=4 (full 0):
 PSYoungGen      total 76288K, used 7703K [0x00000007e5d80000, 0x00000007ef280000, 0x00000007f0800000)
  eden space 65536K, 0% used [0x00000007e5d80000,0x00000007e5d80000,0x00000007e9d80000)
  from space 10752K, 71% used [0x00000007ea800000,0x00000007eaf85ff0,0x00000007eb280000)
  to   space 10752K, 0% used [0x00000007e9d80000,0x00000007e9d80000,0x00000007ea800000)
 ParOldGen       total 175104K, used 395K [0x00000007d0800000, 0x00000007db300000, 0x00000007e5d80000)
  object space 175104K, 0% used [0x00000007d0800000,0x00000007d0862ed8,0x00000007db300000)
 Metaspace       used 20495K, capacity 21110K, committed 21248K, reserved 1067008K
  class space    used 3021K, capacity 3211K, committed 3328K, reserved 1048576K
}
Event: 5.497 GC heap before
{Heap before GC invocations=5 (full 1):
 PSYoungGen      total 76288K, used 7703K [0x00000007e5d80000, 0x00000007ef280000, 0x00000007f0800000)
  eden space 65536K, 0% used [0x00000007e5d80000,0x00000007e5d80000,0x00000007e9d80000)
  from space 10752K, 71% used [0x00000007ea800000,0x00000007eaf85ff0,0x00000007eb280000)
  to   space 10752K, 0% used [0x00000007e9d80000,0x00000007e9d80000,0x00000007ea800000)
 ParOldGen       total 175104K, used 395K [0x00000007d0800000, 0x00000007db300000, 0x00000007e5d80000)
  object space 175104K, 0% used [0x00000007d0800000,0x00000007d0862ed8,0x00000007db300000)
 Metaspace       used 20495K, capacity 21110K, committed 21248K, reserved 1067008K
  class space    used 3021K, capacity 3211K, committed 3328K, reserved 1048576K

